{
  "RSpec": {
    "coverage": {
      "/Users/kinga/Documents/Work/Smart/SP Ruby Test/ruby_app/lib/counter.rb": {
        "lines": [
          1,
          1,
          1,
          1,
          1,
          null,
          null,
          1,
          12,
          2,
          null,
          null,
          1,
          6,
          1,
          null,
          null,
          1,
          null,
          1,
          18,
          null,
          null
        ]
      },
      "/Users/kinga/Documents/Work/Smart/SP Ruby Test/ruby_app/lib/parser.rb": {
        "lines": [
          1,
          null,
          1,
          2,
          null,
          null,
          1,
          44,
          24,
          null,
          4,
          40,
          40,
          40,
          null,
          null,
          4,
          null,
          null
        ]
      },
      "/Users/kinga/Documents/Work/Smart/SP Ruby Test/ruby_app/lib/reader.rb": {
        "lines": [
          1,
          null,
          1,
          5,
          5,
          null,
          null,
          1,
          6,
          null,
          null
        ]
      }
    },
    "timestamp": 1611939185
  }
}
